2025-01-10 08:41:49 error: [Cake\Database\Exception\MissingConnectionException] Connection to Mysql could not be established: SQLSTATE[HY000] [1049] Unknown database 'cake_project' in G:\XAMP\htdocs\cake_project\vendor\cakephp\cakephp\src\Database\Driver.php on line 201
Exception Attributes: array (
  'driver' => 'Mysql',
  'reason' => 'SQLSTATE[HY000] [1049] Unknown database \'cake_project\'',
)
Stack Trace:
- CORE\src\Database\Driver\Mysql.php:158
- CORE\src\Database\Schema\SchemaDialect.php:51
- CORE\src\Database\Driver\Mysql.php:204
- CORE\src\Database\Schema\Collection.php:53
- CORE\src\Database\Connection.php:379
- ROOT\vendor\cakephp\bake\src\Utility\TableScanner.php:65
- ROOT\vendor\cakephp\bake\src\Utility\TableScanner.php:82
- ROOT\vendor\cakephp\bake\src\Command\AllCommand.php:87
- CORE\src\Console\BaseCommand.php:202
- CORE\src\Console\CommandRunner.php:330
- CORE\src\Console\CommandRunner.php:168
- ROOT\bin\cake.php:10
- [main]:

Caused by: [PDOException] SQLSTATE[HY000] [1049] Unknown database 'cake_project' in G:\XAMP\htdocs\cake_project\vendor\cakephp\cakephp\src\Database\Driver.php on line 190
Stack Trace:
- CORE\src\Database\Driver.php:190
- CORE\src\Core\Retry\CommandRetry.php:71
- CORE\src\Database\Driver.php:199
- CORE\src\Database\Driver\Mysql.php:158
- CORE\src\Database\Schema\SchemaDialect.php:51
- CORE\src\Database\Driver\Mysql.php:204
- CORE\src\Database\Schema\Collection.php:53
- CORE\src\Database\Connection.php:379
- ROOT\vendor\cakephp\bake\src\Utility\TableScanner.php:65
- ROOT\vendor\cakephp\bake\src\Utility\TableScanner.php:82
- ROOT\vendor\cakephp\bake\src\Command\AllCommand.php:87
- CORE\src\Console\BaseCommand.php:202
- CORE\src\Console\CommandRunner.php:330
- CORE\src\Console\CommandRunner.php:168
- ROOT\bin\cake.php:10
- [main]:

2025-01-10 08:56:12 error: [Cake\Database\Exception\MissingConnectionException] Connection to Mysql could not be established: SQLSTATE[HY000] [1049] Unknown database 'cake_project' in G:\XAMP\htdocs\cake_project\vendor\cakephp\cakephp\src\Database\Driver.php on line 201
Exception Attributes: array (
  'driver' => 'Mysql',
  'reason' => 'SQLSTATE[HY000] [1049] Unknown database \'cake_project\'',
)
Stack Trace:
- CORE\src\Database\Driver\Mysql.php:158
- CORE\src\Database\Schema\SchemaDialect.php:51
- CORE\src\Database\Driver\Mysql.php:204
- CORE\src\Database\Schema\Collection.php:53
- CORE\src\Database\Connection.php:379
- ROOT\vendor\cakephp\bake\src\Utility\TableScanner.php:65
- ROOT\vendor\cakephp\bake\src\Utility\TableScanner.php:82
- ROOT\vendor\cakephp\bake\src\Command\AllCommand.php:87
- CORE\src\Console\BaseCommand.php:202
- CORE\src\Console\CommandRunner.php:330
- CORE\src\Console\CommandRunner.php:168
- ROOT\bin\cake.php:10
- [main]:

Caused by: [PDOException] SQLSTATE[HY000] [1049] Unknown database 'cake_project' in G:\XAMP\htdocs\cake_project\vendor\cakephp\cakephp\src\Database\Driver.php on line 190
Stack Trace:
- CORE\src\Database\Driver.php:190
- CORE\src\Core\Retry\CommandRetry.php:71
- CORE\src\Database\Driver.php:199
- CORE\src\Database\Driver\Mysql.php:158
- CORE\src\Database\Schema\SchemaDialect.php:51
- CORE\src\Database\Driver\Mysql.php:204
- CORE\src\Database\Schema\Collection.php:53
- CORE\src\Database\Connection.php:379
- ROOT\vendor\cakephp\bake\src\Utility\TableScanner.php:65
- ROOT\vendor\cakephp\bake\src\Utility\TableScanner.php:82
- ROOT\vendor\cakephp\bake\src\Command\AllCommand.php:87
- CORE\src\Console\BaseCommand.php:202
- CORE\src\Console\CommandRunner.php:330
- CORE\src\Console\CommandRunner.php:168
- ROOT\bin\cake.php:10
- [main]:

