2025-01-10 09:02:23 error: [Cake\Http\Exception\MissingControllerException] Controller class `UsersController` could not be found. in G:\XAMP\htdocs\cake_project\vendor\cakephp\cakephp\src\Controller\ControllerFactory.php on line 335
Exception Attributes: array (
  'controller' => 'UsersController',
  'plugin' => NULL,
  'prefix' => NULL,
  '_ext' => NULL,
)
Stack Trace:
- CORE\src\Controller\ControllerFactory.php:77
- CORE\src\Http\BaseApplication.php:360
- CORE\src\Http\Runner.php:86
- CORE\src\Http\Middleware\CsrfProtectionMiddleware.php:169
- CORE\src\Http\Runner.php:82
- CORE\src\Http\Middleware\BodyParserMiddleware.php:157
- CORE\src\Http\Runner.php:82
- CORE\src\Routing\Middleware\RoutingMiddleware.php:118
- CORE\src\Http\Runner.php:82
- CORE\src\Routing\Middleware\AssetMiddleware.php:69
- CORE\src\Http\Runner.php:82
- CORE\src\Error\Middleware\ErrorHandlerMiddleware.php:115
- CORE\src\Http\Runner.php:82
- ROOT\vendor\cakephp\debug_kit\src\Middleware\DebugKitMiddleware.php:60
- CORE\src\Http\Runner.php:82
- CORE\src\Http\Runner.php:60
- CORE\src\Http\Server.php:104
- ROOT\webroot\index.php:37
- [main]:

Request URL: /UsersController/add
2025-01-10 10:06:48 error: [Cake\Datasource\Exception\RecordNotFoundException] Record not found in table `users`. in G:\XAMP\htdocs\cake_project\vendor\cakephp\cakephp\src\ORM\Query\SelectQuery.php on line 599
Stack Trace:
- CORE\src\ORM\Table.php:1591
- APP/Controller\UsersController.php:35
- CORE\src\Controller\Controller.php:503
- CORE\src\Controller\ControllerFactory.php:166
- CORE\src\Controller\ControllerFactory.php:141
- CORE\src\Http\BaseApplication.php:362
- CORE\src\Http\Runner.php:86
- CORE\src\Http\Middleware\CsrfProtectionMiddleware.php:169
- CORE\src\Http\Runner.php:82
- CORE\src\Http\Middleware\BodyParserMiddleware.php:157
- CORE\src\Http\Runner.php:82
- CORE\src\Routing\Middleware\RoutingMiddleware.php:118
- CORE\src\Http\Runner.php:82
- CORE\src\Routing\Middleware\AssetMiddleware.php:69
- CORE\src\Http\Runner.php:82
- CORE\src\Error\Middleware\ErrorHandlerMiddleware.php:115
- CORE\src\Http\Runner.php:82
- ROOT\vendor\cakephp\debug_kit\src\Middleware\DebugKitMiddleware.php:60
- CORE\src\Http\Runner.php:82
- CORE\src\Http\Runner.php:60
- CORE\src\Http\Server.php:104
- ROOT\webroot\index.php:37
- [main]:

Request URL: /users/view/3
2025-01-10 10:08:26 error: [Cake\Http\Exception\MissingControllerException] Controller class `Posts` could not be found. in G:\XAMP\htdocs\cake_project\vendor\cakephp\cakephp\src\Controller\ControllerFactory.php on line 335
Exception Attributes: array (
  'controller' => 'Posts',
  'plugin' => NULL,
  'prefix' => NULL,
  '_ext' => NULL,
)
Stack Trace:
- CORE\src\Controller\ControllerFactory.php:77
- CORE\src\Http\BaseApplication.php:360
- CORE\src\Http\Runner.php:86
- CORE\src\Http\Middleware\CsrfProtectionMiddleware.php:169
- CORE\src\Http\Runner.php:82
- CORE\src\Http\Middleware\BodyParserMiddleware.php:157
- CORE\src\Http\Runner.php:82
- CORE\src\Routing\Middleware\RoutingMiddleware.php:118
- CORE\src\Http\Runner.php:82
- CORE\src\Routing\Middleware\AssetMiddleware.php:69
- CORE\src\Http\Runner.php:82
- CORE\src\Error\Middleware\ErrorHandlerMiddleware.php:115
- CORE\src\Http\Runner.php:82
- ROOT\vendor\cakephp\debug_kit\src\Middleware\DebugKitMiddleware.php:60
- CORE\src\Http\Runner.php:82
- CORE\src\Http\Runner.php:60
- CORE\src\Http\Server.php:104
- ROOT\webroot\index.php:37
- [main]:

Request URL: /posts/add
2025-01-10 10:23:38 error: [Cake\Datasource\Exception\RecordNotFoundException] Record not found in table `users`. in G:\XAMP\htdocs\cake_project\vendor\cakephp\cakephp\src\ORM\Query\SelectQuery.php on line 599
Stack Trace:
- CORE\src\ORM\Table.php:1591
- APP/Controller\UsersController.php:35
- CORE\src\Controller\Controller.php:503
- CORE\src\Controller\ControllerFactory.php:166
- CORE\src\Controller\ControllerFactory.php:141
- CORE\src\Http\BaseApplication.php:362
- CORE\src\Http\Runner.php:86
- CORE\src\Http\Middleware\CsrfProtectionMiddleware.php:169
- CORE\src\Http\Runner.php:82
- CORE\src\Http\Middleware\BodyParserMiddleware.php:157
- CORE\src\Http\Runner.php:82
- CORE\src\Routing\Middleware\RoutingMiddleware.php:118
- CORE\src\Http\Runner.php:82
- CORE\src\Routing\Middleware\AssetMiddleware.php:69
- CORE\src\Http\Runner.php:82
- CORE\src\Error\Middleware\ErrorHandlerMiddleware.php:115
- CORE\src\Http\Runner.php:82
- ROOT\vendor\cakephp\debug_kit\src\Middleware\DebugKitMiddleware.php:60
- CORE\src\Http\Runner.php:82
- CORE\src\Http\Runner.php:60
- CORE\src\Http\Server.php:104
- ROOT\webroot\index.php:37
- [main]:

Request URL: /users/view/3
2025-01-10 10:24:07 error: [Cake\Datasource\Exception\RecordNotFoundException] Record not found in table `users`. in G:\XAMP\htdocs\cake_project\vendor\cakephp\cakephp\src\ORM\Query\SelectQuery.php on line 599
Stack Trace:
- CORE\src\ORM\Table.php:1591
- APP/Controller\UsersController.php:35
- CORE\src\Controller\Controller.php:503
- CORE\src\Controller\ControllerFactory.php:166
- CORE\src\Controller\ControllerFactory.php:141
- CORE\src\Http\BaseApplication.php:362
- CORE\src\Http\Runner.php:86
- CORE\src\Http\Middleware\CsrfProtectionMiddleware.php:169
- CORE\src\Http\Runner.php:82
- CORE\src\Http\Middleware\BodyParserMiddleware.php:157
- CORE\src\Http\Runner.php:82
- CORE\src\Routing\Middleware\RoutingMiddleware.php:118
- CORE\src\Http\Runner.php:82
- CORE\src\Routing\Middleware\AssetMiddleware.php:69
- CORE\src\Http\Runner.php:82
- CORE\src\Error\Middleware\ErrorHandlerMiddleware.php:115
- CORE\src\Http\Runner.php:82
- ROOT\vendor\cakephp\debug_kit\src\Middleware\DebugKitMiddleware.php:60
- CORE\src\Http\Runner.php:82
- CORE\src\Http\Runner.php:60
- CORE\src\Http\Server.php:104
- ROOT\webroot\index.php:37
- [main]:

Request URL: /users/view/3
2025-01-10 10:25:22 error: [Cake\Datasource\Exception\RecordNotFoundException] Record not found in table `users`. in G:\XAMP\htdocs\cake_project\vendor\cakephp\cakephp\src\ORM\Query\SelectQuery.php on line 599
Stack Trace:
- CORE\src\ORM\Table.php:1591
- APP/Controller\UsersController.php:35
- CORE\src\Controller\Controller.php:503
- CORE\src\Controller\ControllerFactory.php:166
- CORE\src\Controller\ControllerFactory.php:141
- CORE\src\Http\BaseApplication.php:362
- CORE\src\Http\Runner.php:86
- CORE\src\Http\Middleware\CsrfProtectionMiddleware.php:169
- CORE\src\Http\Runner.php:82
- CORE\src\Http\Middleware\BodyParserMiddleware.php:157
- CORE\src\Http\Runner.php:82
- CORE\src\Routing\Middleware\RoutingMiddleware.php:118
- CORE\src\Http\Runner.php:82
- CORE\src\Routing\Middleware\AssetMiddleware.php:69
- CORE\src\Http\Runner.php:82
- CORE\src\Error\Middleware\ErrorHandlerMiddleware.php:115
- CORE\src\Http\Runner.php:82
- ROOT\vendor\cakephp\debug_kit\src\Middleware\DebugKitMiddleware.php:60
- CORE\src\Http\Runner.php:82
- CORE\src\Http\Runner.php:60
- CORE\src\Http\Server.php:104
- ROOT\webroot\index.php:37
- [main]:

Request URL: /users/view/3
2025-01-10 10:25:22 error: [ParseError] syntax error, unexpected end of file, expecting "elseif" or "else" or "endif" in G:\XAMP\htdocs\cake_project\templates\Error\error500.php on line 26
Stack Trace:
- CORE\src\View\View.php:1145
- CORE\src\View\View.php:785
- CORE\src\Controller\Controller.php:710
- CORE\src\Error\Renderer\WebExceptionRenderer.php:419
- CORE\src\Error\Renderer\WebExceptionRenderer.php:436
- CORE\src\Error\Renderer\WebExceptionRenderer.php:290
- CORE\src\Error\Middleware\ErrorHandlerMiddleware.php:149
- CORE\src\Error\Middleware\ErrorHandlerMiddleware.php:119
- CORE\src\Http\Runner.php:82
- ROOT\vendor\cakephp\debug_kit\src\Middleware\DebugKitMiddleware.php:60
- CORE\src\Http\Runner.php:82
- CORE\src\Http\Runner.php:60
- CORE\src\Http\Server.php:104
- ROOT\webroot\index.php:37
- [main]:

Request URL: /users/view/3
2025-01-10 10:26:06 error: [Cake\Datasource\Exception\RecordNotFoundException] Record not found in table `users`. in G:\XAMP\htdocs\cake_project\vendor\cakephp\cakephp\src\ORM\Query\SelectQuery.php on line 599
Stack Trace:
- CORE\src\ORM\Table.php:1591
- APP/Controller\UsersController.php:35
- CORE\src\Controller\Controller.php:503
- CORE\src\Controller\ControllerFactory.php:166
- CORE\src\Controller\ControllerFactory.php:141
- CORE\src\Http\BaseApplication.php:362
- CORE\src\Http\Runner.php:86
- CORE\src\Http\Middleware\CsrfProtectionMiddleware.php:169
- CORE\src\Http\Runner.php:82
- CORE\src\Http\Middleware\BodyParserMiddleware.php:157
- CORE\src\Http\Runner.php:82
- CORE\src\Routing\Middleware\RoutingMiddleware.php:118
- CORE\src\Http\Runner.php:82
- CORE\src\Routing\Middleware\AssetMiddleware.php:69
- CORE\src\Http\Runner.php:82
- CORE\src\Error\Middleware\ErrorHandlerMiddleware.php:115
- CORE\src\Http\Runner.php:82
- ROOT\vendor\cakephp\debug_kit\src\Middleware\DebugKitMiddleware.php:60
- CORE\src\Http\Runner.php:82
- CORE\src\Http\Runner.php:60
- CORE\src\Http\Server.php:104
- ROOT\webroot\index.php:37
- [main]:

Request URL: /users/view/3
2025-01-10 10:31:23 error: [Cake\Http\Exception\MissingControllerException] Controller class `Posts` could not be found. in G:\XAMP\htdocs\cake_project\vendor\cakephp\cakephp\src\Controller\ControllerFactory.php on line 335
Exception Attributes: array (
  'controller' => 'Posts',
  'plugin' => NULL,
  'prefix' => NULL,
  '_ext' => NULL,
)
Stack Trace:
- CORE\src\Controller\ControllerFactory.php:77
- CORE\src\Http\BaseApplication.php:360
- CORE\src\Http\Runner.php:86
- CORE\src\Http\Middleware\CsrfProtectionMiddleware.php:169
- CORE\src\Http\Runner.php:82
- CORE\src\Http\Middleware\BodyParserMiddleware.php:157
- CORE\src\Http\Runner.php:82
- CORE\src\Routing\Middleware\RoutingMiddleware.php:118
- CORE\src\Http\Runner.php:82
- CORE\src\Routing\Middleware\AssetMiddleware.php:69
- CORE\src\Http\Runner.php:82
- CORE\src\Error\Middleware\ErrorHandlerMiddleware.php:115
- CORE\src\Http\Runner.php:82
- ROOT\vendor\cakephp\debug_kit\src\Middleware\DebugKitMiddleware.php:60
- CORE\src\Http\Runner.php:82
- CORE\src\Http\Runner.php:60
- CORE\src\Http\Server.php:104
- ROOT\webroot\index.php:37
- [main]:

Request URL: /posts/add
